This is pdfTeX, Version 3.141592653-2.6-1.40.26 (MiKTeX 24.4) (preloaded format=pdflatex 2024.11.15)  21 DEC 2024 18:21
entering extended mode
 restricted \write18 enabled.
 %&-line parsing enabled.
**./thesis.tex
(thesis.tex
LaTeX2e <2024-11-01>
L3 programming layer <2024-11-02>
(maththesis.cls
Document Class: maththesis 
(C:\Users\Brian\AppData\Local\Programs\MiKTeX\tex/latex/base\report.cls
Document Class: report 2024/06/29 v1.4n Standard LaTeX document class
(C:\Users\Brian\AppData\Local\Programs\MiKTeX\tex/latex/base\size12.clo
File: size12.clo 2024/06/29 v1.4n Standard LaTeX file (size option)
)
\c@part=\count196
\c@chapter=\count197
\c@section=\count198
\c@subsection=\count199
\c@subsubsection=\count266
\c@paragraph=\count267
\c@subparagraph=\count268
\c@figure=\count269
\c@table=\count270
\abovecaptionskip=\skip49
\belowcaptionskip=\skip50
\bibindent=\dimen141
)
(C:\Users\Brian\AppData\Local\Programs\MiKTeX\tex/latex/amsfonts\amssymb.sty
Package: amssymb 2013/01/14 v3.01 AMS font symbols

(C:\Users\Brian\AppData\Local\Programs\MiKTeX\tex/latex/amsfonts\amsfonts.sty
Package: amsfonts 2013/01/14 v3.01 Basic AMSFonts support
\@emptytoks=\toks17
\symAMSa=\mathgroup4
\symAMSb=\mathgroup5
LaTeX Font Info:    Redeclaring math symbol \hbar on input line 98.
LaTeX Font Info:    Overwriting math alphabet `\mathfrak' in version `bold'
(Font)                  U/euf/m/n --> U/euf/b/n on input line 106.
)) (C:\Users\Brian\AppData\Local\Programs\MiKTeX\tex/latex/amsmath\amsmath.sty
Package: amsmath 2024/11/05 v2.17t AMS math features
\@mathmargin=\skip51

For additional information on amsmath, use the `?' option.
(C:\Users\Brian\AppData\Local\Programs\MiKTeX\tex/latex/amsmath\amstext.sty
Package: amstext 2021/08/26 v2.01 AMS text

(C:\Users\Brian\AppData\Local\Programs\MiKTeX\tex/latex/amsmath\amsgen.sty
File: amsgen.sty 1999/11/30 v2.0 generic functions
\@emptytoks=\toks18
\ex@=\dimen142
))
(C:\Users\Brian\AppData\Local\Programs\MiKTeX\tex/latex/amsmath\amsbsy.sty
Package: amsbsy 1999/11/29 v1.2d Bold Symbols
\pmbraise@=\dimen143
)
(C:\Users\Brian\AppData\Local\Programs\MiKTeX\tex/latex/amsmath\amsopn.sty
Package: amsopn 2022/04/08 v2.04 operator names
)
\inf@bad=\count271
LaTeX Info: Redefining \frac on input line 233.
\uproot@=\count272
\leftroot@=\count273
LaTeX Info: Redefining \overline on input line 398.
LaTeX Info: Redefining \colon on input line 409.
\classnum@=\count274
\DOTSCASE@=\count275
LaTeX Info: Redefining \ldots on input line 495.
LaTeX Info: Redefining \dots on input line 498.
LaTeX Info: Redefining \cdots on input line 619.
\Mathstrutbox@=\box52
\strutbox@=\box53
LaTeX Info: Redefining \big on input line 721.
LaTeX Info: Redefining \Big on input line 722.
LaTeX Info: Redefining \bigg on input line 723.
LaTeX Info: Redefining \Bigg on input line 724.
\big@size=\dimen144
LaTeX Font Info:    Redeclaring font encoding OML on input line 742.
LaTeX Font Info:    Redeclaring font encoding OMS on input line 743.
\macc@depth=\count276
LaTeX Info: Redefining \bmod on input line 904.
LaTeX Info: Redefining \pmod on input line 909.
LaTeX Info: Redefining \smash on input line 939.
LaTeX Info: Redefining \relbar on input line 969.
LaTeX Info: Redefining \Relbar on input line 970.
\c@MaxMatrixCols=\count277
\dotsspace@=\muskip17
\c@parentequation=\count278
\dspbrk@lvl=\count279
\tag@help=\toks19
\row@=\count280
\column@=\count281
\maxfields@=\count282
\andhelp@=\toks20
\eqnshift@=\dimen145
\alignsep@=\dimen146
\tagshift@=\dimen147
\tagwidth@=\dimen148
\totwidth@=\dimen149
\lineht@=\dimen150
\@envbody=\toks21
\multlinegap=\skip52
\multlinetaggap=\skip53
\mathdisplay@stack=\toks22
LaTeX Info: Redefining \[ on input line 2953.
LaTeX Info: Redefining \] on input line 2954.
)
(C:\Users\Brian\AppData\Local\Programs\MiKTeX\tex/latex/tools\indentfirst.sty
Package: indentfirst 2023/07/02 v1.03 Indent first paragraph (DPC)
)
(C:\Users\Brian\AppData\Local\Programs\MiKTeX\tex/latex/base\ifthen.sty
Package: ifthen 2024/03/16 v1.1e Standard LaTeX ifthen package (DPC)
))
(commands.tex
(C:\Users\Brian\AppData\Local\Programs\MiKTeX\tex/latex/colortbl\colortbl.sty
Package: colortbl 2024/07/06 v1.0i Color table columns (DPC)

(C:\Users\Brian\AppData\Local\Programs\MiKTeX\tex/latex/tools\array.sty
Package: array 2024/10/17 v2.6g Tabular extension package (FMi)
\col@sep=\dimen151
\ar@mcellbox=\box54
\extrarowheight=\dimen152
\NC@list=\toks23
\extratabsurround=\skip54
\backup@length=\skip55
\ar@cellbox=\box55
)
(C:\Users\Brian\AppData\Local\Programs\MiKTeX\tex/latex/graphics\color.sty
Package: color 2024/06/23 v1.3e Standard LaTeX Color (DPC)

(C:\Users\Brian\AppData\Local\Programs\MiKTeX\tex/latex/graphics-cfg\color.cfg
File: color.cfg 2016/01/02 v1.6 sample color configuration
)
Package color Info: Driver file: pdftex.def on input line 149.

(C:\Users\Brian\AppData\Local\Programs\MiKTeX\tex/latex/graphics-def\pdftex.def
File: pdftex.def 2024/04/13 v1.2c Graphics/color driver for pdftex
)
(C:\Users\Brian\AppData\Local\Programs\MiKTeX\tex/latex/graphics\mathcolor.ltx)
)
\everycr=\toks24
\minrowclearance=\skip56
\rownum=\count283
) (C:\Users\Brian\AppData\Local\Programs\MiKTeX\tex/latex/base\textcomp.sty
Package: textcomp 2024/04/24 v2.1b Standard LaTeX package
)
(C:\Users\Brian\AppData\Local\Programs\MiKTeX\tex/latex/apacite\apacite.sty
Package: apacite 2013/07/21 v6.03 APA citation
\c@BibCnt=\count284
\bibleftmargin=\skip57
\bibindent=\skip58
\bibparsep=\skip59
\bibitemsep=\skip60
\biblabelsep=\skip61
)
(C:\Users\Brian\AppData\Local\Programs\MiKTeX\tex/latex/natbib\natbib.sty
Package: natbib 2010/09/13 8.31b (PWD, AO)
\bibhang=\skip62
\bibsep=\skip63
LaTeX Info: Redefining \cite on input line 694.
LaTeX Info: Redefining \citeauthor on input line 712.
LaTeX Info: Redefining \citeyear on input line 735.
\c@NAT@ctr=\count285
)
(C:\Users\Brian\AppData\Local\Programs\MiKTeX\tex/latex/jknappen\mathrsfs.sty
Package: mathrsfs 1996/01/01 Math RSFS package v1.0 (jk)
\symrsfs=\mathgroup6
)
(C:\Users\Brian\AppData\Local\Programs\MiKTeX\tex/latex/base\latexsym.sty
Package: latexsym 1998/08/17 v2.2e Standard LaTeX package (lasy symbols)
\symlasy=\mathgroup7
LaTeX Font Info:    Overwriting symbol font `lasy' in version `bold'
(Font)                  U/lasy/m/n --> U/lasy/b/n on input line 52.
)
(C:\Users\Brian\AppData\Local\Programs\MiKTeX\tex/latex/wasysym\wasysym.sty
Package: wasysym 2020/01/19 v2.4 Wasy-2 symbol support package
\symwasy=\mathgroup8
LaTeX Font Info:    Overwriting symbol font `wasy' in version `bold'
(Font)                  U/wasy/m/n --> U/wasy/b/n on input line 93.
)
(C:\Users\Brian\AppData\Local\Programs\MiKTeX\tex/latex/graphics\graphicx.sty
Package: graphicx 2021/09/16 v1.2d Enhanced LaTeX Graphics (DPC,SPQR)

(C:\Users\Brian\AppData\Local\Programs\MiKTeX\tex/latex/graphics\keyval.sty
Package: keyval 2022/05/29 v1.15 key=value parser (DPC)
\KV@toks@=\toks25
)
(C:\Users\Brian\AppData\Local\Programs\MiKTeX\tex/latex/graphics\graphics.sty
Package: graphics 2024/08/06 v1.4g Standard LaTeX Graphics (DPC,SPQR)

(C:\Users\Brian\AppData\Local\Programs\MiKTeX\tex/latex/graphics\trig.sty
Package: trig 2023/12/02 v1.11 sin cos tan (DPC)
)
(C:\Users\Brian\AppData\Local\Programs\MiKTeX\tex/latex/graphics-cfg\graphics.c
fg
File: graphics.cfg 2016/06/04 v1.11 sample graphics configuration
)
Package graphics Info: Driver file: pdftex.def on input line 106.
)
\Gin@req@height=\dimen153
\Gin@req@width=\dimen154
)
(C:\Users\Brian\AppData\Local\Programs\MiKTeX\tex/latex/enumitem\enumitem.sty
Package: enumitem 2019/06/20 v3.9 Customized lists
\labelindent=\skip64
\enit@outerparindent=\dimen155
\enit@toks=\toks26
\enit@inbox=\box56
\enit@count@id=\count286
\enitdp@description=\count287
)
(C:\Users\Brian\AppData\Local\Programs\MiKTeX\tex/latex/caption\caption.sty
Package: caption 2023/08/05 v3.6o Customizing captions (AR)

(C:\Users\Brian\AppData\Local\Programs\MiKTeX\tex/latex/caption\caption3.sty
Package: caption3 2023/07/31 v2.4d caption3 kernel (AR)
\caption@tempdima=\dimen156
\captionmargin=\dimen157
\caption@leftmargin=\dimen158
\caption@rightmargin=\dimen159
\caption@width=\dimen160
\caption@indent=\dimen161
\caption@parindent=\dimen162
\caption@hangindent=\dimen163
Package caption Info: Standard document class detected.
)
\c@caption@flags=\count288
\c@continuedfloat=\count289
)
(C:\Users\Brian\AppData\Local\Programs\MiKTeX\tex/latex/titlesec\titletoc.sty
Package: titletoc 2023/10/27 v2.16 TOC entries
\ttl@leftsep=\dimen164
)
(C:\Users\Brian\AppData\Local\Programs\MiKTeX\tex/latex/tocloft\tocloft.sty
Package: tocloft 2017/08/31 v2.3i parameterised ToC, etc., typesetting
Package tocloft Info: The document has chapter divisions on input line 51.
\cftparskip=\skip65
\cftbeforetoctitleskip=\skip66
\cftaftertoctitleskip=\skip67
\cftbeforepartskip=\skip68
\cftpartnumwidth=\skip69
\cftpartindent=\skip70
\cftbeforechapskip=\skip71
\cftchapindent=\skip72
\cftchapnumwidth=\skip73
\cftbeforesecskip=\skip74
\cftsecindent=\skip75
\cftsecnumwidth=\skip76
\cftbeforesubsecskip=\skip77
\cftsubsecindent=\skip78
\cftsubsecnumwidth=\skip79
\cftbeforesubsubsecskip=\skip80
\cftsubsubsecindent=\skip81
\cftsubsubsecnumwidth=\skip82
\cftbeforeparaskip=\skip83
\cftparaindent=\skip84
\cftparanumwidth=\skip85
\cftbeforesubparaskip=\skip86
\cftsubparaindent=\skip87
\cftsubparanumwidth=\skip88
\cftbeforeloftitleskip=\skip89
\cftafterloftitleskip=\skip90
\cftbeforefigskip=\skip91
\cftfigindent=\skip92
\cftfignumwidth=\skip93
\c@lofdepth=\count290
\c@lotdepth=\count291
\cftbeforelottitleskip=\skip94
\cftafterlottitleskip=\skip95
\cftbeforetabskip=\skip96
\cfttabindent=\skip97
\cfttabnumwidth=\skip98
)
(C:\Users\Brian\AppData\Local\Programs\MiKTeX\tex/latex/xcolor\xcolor.sty
Package: xcolor 2024/09/29 v3.02 LaTeX color extensions (UK)

(C:\Users\Brian\AppData\Local\Programs\MiKTeX\tex/latex/graphics-cfg\color.cfg
File: color.cfg 2016/01/02 v1.6 sample color configuration
)
Package xcolor Info: Driver file: pdftex.def on input line 274.
LaTeX Info: Redefining \color on input line 762.
(C:\Users\Brian\AppData\Local\Programs\MiKTeX\tex/latex/graphics\mathcolor.ltx)
Package xcolor Info: Model `cmy' substituted by `cmy0' on input line 1349.
Package xcolor Info: Model `hsb' substituted by `rgb' on input line 1353.
Package xcolor Info: Model `RGB' extended on input line 1365.
Package xcolor Info: Model `HTML' substituted by `rgb' on input line 1367.
Package xcolor Info: Model `Hsb' substituted by `hsb' on input line 1368.
Package xcolor Info: Model `tHsb' substituted by `hsb' on input line 1369.
Package xcolor Info: Model `HSB' substituted by `hsb' on input line 1370.
Package xcolor Info: Model `Gray' substituted by `gray' on input line 1371.
Package xcolor Info: Model `wave' substituted by `hsb' on input line 1372.
) (C:\Users\Brian\AppData\Local\Programs\MiKTeX\tex/latex/xpatch\xpatch.sty
(C:\Users\Brian\AppData\Local\Programs\MiKTeX\tex/latex/l3kernel\expl3.sty
Package: expl3 2024-11-02 L3 programming layer (loader) 

(C:\Users\Brian\AppData\Local\Programs\MiKTeX\tex/latex/l3backend\l3backend-pdf
tex.def
File: l3backend-pdftex.def 2024-05-08 L3 backend support: PDF output (pdfTeX)
\l__color_backend_stack_int=\count292
\l__pdf_internal_box=\box57
))
Package: xpatch 2020/03/25 v0.3a Extending etoolbox patching commands

(C:\Users\Brian\AppData\Local\Programs\MiKTeX\tex/latex/l3packages/xparse\xpars
e.sty
Package: xparse 2024-08-16 L3 Experimental document command parser
)
(C:\Users\Brian\AppData\Local\Programs\MiKTeX\tex/latex/etoolbox\etoolbox.sty
Package: etoolbox 2020/10/05 v2.5k e-TeX tools for LaTeX (JAW)
\etb@tempcnta=\count293
)) (C:\Users\Brian\AppData\Local\Programs\MiKTeX\tex/latex/hyperref\hyperref.st
y
Package: hyperref 2024-11-05 v7.01l Hypertext links for LaTeX

(C:\Users\Brian\AppData\Local\Programs\MiKTeX\tex/generic/iftex\iftex.sty
Package: iftex 2022/02/03 v1.0f TeX engine tests
)
(C:\Users\Brian\AppData\Local\Programs\MiKTeX\tex/latex/kvsetkeys\kvsetkeys.sty
Package: kvsetkeys 2022-10-05 v1.19 Key value parser (HO)
)
(C:\Users\Brian\AppData\Local\Programs\MiKTeX\tex/generic/kvdefinekeys\kvdefine
keys.sty
Package: kvdefinekeys 2019-12-19 v1.6 Define keys (HO)
)
(C:\Users\Brian\AppData\Local\Programs\MiKTeX\tex/generic/pdfescape\pdfescape.s
ty
Package: pdfescape 2019/12/09 v1.15 Implements pdfTeX's escape features (HO)

(C:\Users\Brian\AppData\Local\Programs\MiKTeX\tex/generic/ltxcmds\ltxcmds.sty
Package: ltxcmds 2023-12-04 v1.26 LaTeX kernel commands for general use (HO)
)
(C:\Users\Brian\AppData\Local\Programs\MiKTeX\tex/generic/pdftexcmds\pdftexcmds
.sty
Package: pdftexcmds 2020-06-27 v0.33 Utility functions of pdfTeX for LuaTeX (HO
)

(C:\Users\Brian\AppData\Local\Programs\MiKTeX\tex/generic/infwarerr\infwarerr.s
ty
Package: infwarerr 2019/12/03 v1.5 Providing info/warning/error messages (HO)
)
Package pdftexcmds Info: \pdf@primitive is available.
Package pdftexcmds Info: \pdf@ifprimitive is available.
Package pdftexcmds Info: \pdfdraftmode found.
))
(C:\Users\Brian\AppData\Local\Programs\MiKTeX\tex/latex/hycolor\hycolor.sty
Package: hycolor 2020-01-27 v1.10 Color options for hyperref/bookmark (HO)
)
(C:\Users\Brian\AppData\Local\Programs\MiKTeX\tex/latex/hyperref\nameref.sty
Package: nameref 2023-11-26 v2.56 Cross-referencing by name of section

(C:\Users\Brian\AppData\Local\Programs\MiKTeX\tex/latex/refcount\refcount.sty
Package: refcount 2019/12/15 v3.6 Data extraction from label references (HO)
)
(C:\Users\Brian\AppData\Local\Programs\MiKTeX\tex/generic/gettitlestring\gettit
lestring.sty
Package: gettitlestring 2019/12/15 v1.6 Cleanup title references (HO)

(C:\Users\Brian\AppData\Local\Programs\MiKTeX\tex/latex/kvoptions\kvoptions.sty
Package: kvoptions 2022-06-15 v3.15 Key value format for package options (HO)
))
\c@section@level=\count294
)
(C:\Users\Brian\AppData\Local\Programs\MiKTeX\tex/generic/stringenc\stringenc.s
ty
Package: stringenc 2019/11/29 v1.12 Convert strings between diff. encodings (HO
)
)
\@linkdim=\dimen165
\Hy@linkcounter=\count295
\Hy@pagecounter=\count296
 (C:\Users\Brian\AppData\Local\Programs\MiKTeX\tex/latex/hyperref\pd1enc.def
File: pd1enc.def 2024-11-05 v7.01l Hyperref: PDFDocEncoding definition (HO)
Now handling font encoding PD1 ...
... no UTF-8 mapping file for font encoding PD1
) (C:\Users\Brian\AppData\Local\Programs\MiKTeX\tex/generic/intcalc\intcalc.sty
Package: intcalc 2019/12/15 v1.3 Expandable calculations with integers (HO)
)
\Hy@SavedSpaceFactor=\count297
 (C:\Users\Brian\AppData\Local\Programs\MiKTeX\tex/latex/hyperref\puenc.def
File: puenc.def 2024-11-05 v7.01l Hyperref: PDF Unicode definition (HO)
Now handling font encoding PU ...
... no UTF-8 mapping file for font encoding PU
)
Package hyperref Info: Hyper figures OFF on input line 4157.
Package hyperref Info: Link nesting OFF on input line 4162.
Package hyperref Info: Hyper index ON on input line 4165.
Package hyperref Info: Plain pages OFF on input line 4172.
Package hyperref Info: Backreferencing OFF on input line 4177.
Package hyperref Info: Implicit mode ON; LaTeX internals redefined.
Package hyperref Info: Bookmarks ON on input line 4424.
\c@Hy@tempcnt=\count298

(C:\Users\Brian\AppData\Local\Programs\MiKTeX\tex/latex/url\url.sty
\Urlmuskip=\muskip18
Package: url 2013/09/16  ver 3.4  Verb mode for urls, etc.
)
LaTeX Info: Redefining \url on input line 4763.
\XeTeXLinkMargin=\dimen166

(C:\Users\Brian\AppData\Local\Programs\MiKTeX\tex/generic/bitset\bitset.sty
Package: bitset 2019/12/09 v1.3 Handle bit-vector datatype (HO)

(C:\Users\Brian\AppData\Local\Programs\MiKTeX\tex/generic/bigintcalc\bigintcalc
.sty
Package: bigintcalc 2019/12/15 v1.5 Expandable calculations on big integers (HO
)
))
\Fld@menulength=\count299
\Field@Width=\dimen167
\Fld@charsize=\dimen168
Package hyperref Info: Hyper figures OFF on input line 6042.
Package hyperref Info: Link nesting OFF on input line 6047.
Package hyperref Info: Hyper index ON on input line 6050.
Package hyperref Info: backreferencing OFF on input line 6057.
Package hyperref Info: Link coloring OFF on input line 6062.
Package hyperref Info: Link coloring with OCG OFF on input line 6067.
Package hyperref Info: PDF/A mode OFF on input line 6072.

(C:\Users\Brian\AppData\Local\Programs\MiKTeX\tex/latex/base\atbegshi-ltx.sty
Package: atbegshi-ltx 2021/01/10 v1.0c Emulation of the original atbegshi
package with kernel methods
)
\Hy@abspage=\count300
\c@Item=\count301
\c@Hfootnote=\count302
)
Package hyperref Info: Driver (autodetected): hpdftex.
(C:\Users\Brian\AppData\Local\Programs\MiKTeX\tex/latex/hyperref\hpdftex.def
File: hpdftex.def 2024-11-05 v7.01l Hyperref driver for pdfTeX

(C:\Users\Brian\AppData\Local\Programs\MiKTeX\tex/latex/base\atveryend-ltx.sty
Package: atveryend-ltx 2020/08/19 v1.0a Emulation of the original atveryend pac
kage
with kernel methods
)
\Fld@listcount=\count303
\c@bookmark@seq@number=\count304

(C:\Users\Brian\AppData\Local\Programs\MiKTeX\tex/latex/rerunfilecheck\rerunfil
echeck.sty
Package: rerunfilecheck 2022-07-10 v1.10 Rerun checks for auxiliary files (HO)

(C:\Users\Brian\AppData\Local\Programs\MiKTeX\tex/generic/uniquecounter\uniquec
ounter.sty
Package: uniquecounter 2019/12/15 v1.4 Provide unlimited unique counter (HO)
)
Package uniquecounter Info: New unique counter `rerunfilecheck' on input line 2
85.
)
\Hy@SectionHShift=\skip99
)
(C:\Users\Brian\AppData\Local\Programs\MiKTeX\tex/latex/booktabs\booktabs.sty
Package: booktabs 2020/01/12 v1.61803398 Publication quality tables
\heavyrulewidth=\dimen169
\lightrulewidth=\dimen170
\cmidrulewidth=\dimen171
\belowrulesep=\dimen172
\belowbottomsep=\dimen173
\aboverulesep=\dimen174
\abovetopsep=\dimen175
\cmidrulesep=\dimen176
\cmidrulekern=\dimen177
\defaultaddspace=\dimen178
\@cmidla=\count305
\@cmidlb=\count306
\@aboverulesep=\dimen179
\@belowrulesep=\dimen180
\@thisruleclass=\count307
\@lastruleclass=\count308
\@thisrulewidth=\dimen181
)
(C:\Users\Brian\AppData\Local\Programs\MiKTeX\tex/latex/tools\longtable.sty
Package: longtable 2024-10-27 v4.22 Multi-page Table package (DPC)
\LTleft=\skip100
\LTright=\skip101
\LTpre=\skip102
\LTpost=\skip103
\LTchunksize=\count309
\LTcapwidth=\dimen182
\LT@head=\box58
\LT@firsthead=\box59
\LT@foot=\box60
\LT@lastfoot=\box61
\LT@gbox=\box62
\LT@cols=\count310
\LT@rows=\count311
\c@LT@tables=\count312
\c@LT@chunks=\count313
\LT@p@ftn=\toks27
)
\tocindent=\skip104
\c@myequations=\count314
\cftbeforemyequationsskip=\skip105
\cftmyequationsindent=\skip106
\cftmyequationsnumwidth=\skip107
\c@expdepth=\count315
\cftbeforeexptitleskip=\skip108
\cftafterexptitleskip=\skip109

(C:\Users\Brian\AppData\Local\Programs\MiKTeX\tex/latex/geometry\geometry.sty
Package: geometry 2020/01/02 v5.9 Page Geometry

(C:\Users\Brian\AppData\Local\Programs\MiKTeX\tex/generic/iftex\ifvtex.sty
Package: ifvtex 2019/10/25 v1.7 ifvtex legacy package. Use iftex instead.
)
\Gm@cnth=\count316
\Gm@cntv=\count317
\c@Gm@tempcnt=\count318
\Gm@bindingoffset=\dimen183
\Gm@wd@mp=\dimen184
\Gm@odd@mp=\dimen185
\Gm@even@mp=\dimen186
\Gm@layoutwidth=\dimen187
\Gm@layoutheight=\dimen188
\Gm@layouthoffset=\dimen189
\Gm@layoutvoffset=\dimen190
\Gm@dimlist=\toks28

(C:\Users\Brian\AppData\Local\Programs\MiKTeX\tex/latex/geometry\geometry.cfg))
) (basicinfo.tex) (thesis.aux (chapter1.aux) (chapter2.aux) (chapter3.aux)
(bibliography.aux))
\openout1 = `thesis.aux'.

LaTeX Font Info:    Checking defaults for OML/cmm/m/it on input line 19.
LaTeX Font Info:    ... okay on input line 19.
LaTeX Font Info:    Checking defaults for OMS/cmsy/m/n on input line 19.
LaTeX Font Info:    ... okay on input line 19.
LaTeX Font Info:    Checking defaults for OT1/cmr/m/n on input line 19.
LaTeX Font Info:    ... okay on input line 19.
LaTeX Font Info:    Checking defaults for T1/cmr/m/n on input line 19.
LaTeX Font Info:    ... okay on input line 19.
LaTeX Font Info:    Checking defaults for TS1/cmr/m/n on input line 19.
LaTeX Font Info:    ... okay on input line 19.
LaTeX Font Info:    Checking defaults for OMX/cmex/m/n on input line 19.
LaTeX Font Info:    ... okay on input line 19.
LaTeX Font Info:    Checking defaults for U/cmr/m/n on input line 19.
LaTeX Font Info:    ... okay on input line 19.
LaTeX Font Info:    Checking defaults for PD1/pdf/m/n on input line 19.
LaTeX Font Info:    ... okay on input line 19.
LaTeX Font Info:    Checking defaults for PU/pdf/m/n on input line 19.
LaTeX Font Info:    ... okay on input line 19.

(C:\Users\Brian\AppData\Local\Programs\MiKTeX\tex/context/base/mkii\supp-pdf.mk
ii
[Loading MPS to PDF converter (version 2006.09.02).]
\scratchcounter=\count319
\scratchdimen=\dimen191
\scratchbox=\box63
\nofMPsegments=\count320
\nofMParguments=\count321
\everyMPshowfont=\toks29
\MPscratchCnt=\count322
\MPscratchDim=\dimen192
\MPnumerator=\count323
\makeMPintoPDFobject=\count324
\everyMPtoPDFconversion=\toks30
)
(C:\Users\Brian\AppData\Local\Programs\MiKTeX\tex/latex/epstopdf-pkg\epstopdf-b
ase.sty
Package: epstopdf-base 2020-01-24 v2.11 Base part for package epstopdf
Package epstopdf-base Info: Redefining graphics rule for `.eps' on input line 4
85.

(C:\Users\Brian\AppData\Local\Programs\MiKTeX\tex/latex/00miktex\epstopdf-sys.c
fg
File: epstopdf-sys.cfg 2021/03/18 v2.0 Configuration of epstopdf for MiKTeX
))
\c@maskedRefs=\count325

(C:\Users\Brian\AppData\Local\Programs\MiKTeX\tex/latex/apacite\english.apc
File: english.apc 2013/07/21 v6.03 apacite language file
LaTeX Info: Redefining \BPBI on input line 129.
LaTeX Info: Redefining \BHBI on input line 130.
)
Package caption Info: Begin \AtBeginDocument code.
Package caption Info: hyperref package is loaded.
Package caption Info: longtable package is loaded.

(C:\Users\Brian\AppData\Local\Programs\MiKTeX\tex/latex/caption\ltcaption.sty
Package: ltcaption 2021/01/08 v1.4c longtable captions (AR)
)
Package caption Info: End \AtBeginDocument code.
Package hyperref Info: Link coloring OFF on input line 19.

(thesis.out) (thesis.out)
\@outlinefile=\write3
\openout3 = `thesis.out'.


*geometry* driver: auto-detecting
*geometry* detected driver: pdftex
*geometry* verbose mode - [ preamble ] result:
* driver: pdftex
* paper: <default>
* layout: <same size as paper>
* layoutoffset:(h,v)=(0.0pt,0.0pt)
* modes: 
* h-part:(L,W,R)=(126.47249pt, 397.48502pt, 90.3375pt)
* v-part:(T,H,B)=(130.08621pt, 574.54628pt, 90.3375pt)
* \paperwidth=614.295pt
* \paperheight=794.96999pt
* \textwidth=397.48502pt
* \textheight=574.54628pt
* \oddsidemargin=54.2025pt
* \evensidemargin=54.2025pt
* \topmargin=20.81622pt
* \headheight=12.0pt
* \headsep=25.0pt
* \topskip=12.0pt
* \footskip=30.0pt
* \marginparwidth=44.0pt
* \marginparsep=10.0pt
* \columnsep=10.0pt
* \skip\footins=10.8pt plus 4.0pt minus 2.0pt
* \hoffset=0.0pt
* \voffset=0.0pt
* \mag=1000
* \@twocolumnfalse
* \@twosidefalse
* \@mparswitchfalse
* \@reversemarginfalse
* (1in=72.27pt=25.4mm, 1cm=28.453pt)

(titlepage.tex)

[1


{C:/Users/Brian/AppData/Local/MiKTeX/fonts/map/pdftex/pdftex.map}]
(thesis.toc
LaTeX Font Info:    Trying to load font information for U+msa on input line 2.

(C:\Users\Brian\AppData\Local\Programs\MiKTeX\tex/latex/amsfonts\umsa.fd
File: umsa.fd 2013/01/14 v3.01 AMS symbols A
)
LaTeX Font Info:    Trying to load font information for U+msb on input line 2.

(C:\Users\Brian\AppData\Local\Programs\MiKTeX\tex/latex/amsfonts\umsb.fd
File: umsb.fd 2013/01/14 v3.01 AMS symbols B
)
LaTeX Font Info:    Trying to load font information for U+rsfs on input line 2.


(C:\Users\Brian\AppData\Local\Programs\MiKTeX\tex/latex/jknappen\ursfs.fd
File: ursfs.fd 1998/03/24 rsfs font definition file (jk)
)
LaTeX Font Info:    Trying to load font information for U+lasy on input line 2.


(C:\Users\Brian\AppData\Local\Programs\MiKTeX\tex/latex/base\ulasy.fd
File: ulasy.fd 1998/08/17 v2.2e LaTeX symbol font definitions
)
LaTeX Font Info:    Trying to load font information for U+wasy on input line 2.


(C:\Users\Brian\AppData\Local\Programs\MiKTeX\tex/latex/wasysym\uwasy.fd
File: uwasy.fd 2020/01/19 v2.4 Wasy-2 symbol font definitions
)

[2

])
\tf@toc=\write4
\openout4 = `thesis.toc'.



[3] (thesis.lot)
\tf@lot=\write5
\openout5 = `thesis.lot'.



[4

] (thesis.lof)
\tf@lof=\write6
\openout6 = `thesis.lof'.



[5

] (thesis.exp)
\tf@exp=\write7
\openout7 = `thesis.exp'.



[6

]
\openout2 = `chapter1.aux'.

 (chapter1.tex
Chapter 1.


[1


]

[2]

[3]
Overfull \hbox (1.4601pt too wide) in paragraph at lines 28--29
[]\OT1/cmr/m/n/12 To cir-cum-vent these chal-lenges, farm-ers of-ten re-sort to
 al-ter-na-tive meth-
 []



[4]

[5]
Overfull \hbox (0.53242pt too wide) in paragraph at lines 34--35
[]\OT1/cmr/m/n/12 A promis-ing yet un-der-ex-plored so-lu-tion lies in uti-liz-
ing Mi-crosoft Kinect
 []



[6]

[7]

[8]

[9]

[10]

[11]

[12]

[13]
Overfull \hbox (1.01706pt too wide) in paragraph at lines 103--104
[]\OT1/cmr/m/n/12 A do-mes-ti-cated, lo-cally adapted, tra-di-tional va-ri-ety 
grown by farm-
 []

)

[14]
\openout2 = `chapter2.aux'.

 (chapter2.tex
Chapter 2.


[15




]

[16]

[17]

Package natbib Warning: Citation `farooqui2024precision' on page 18 undefined o
n input line 16.



[18]

[19]

[20]

[21]

[22]

[23]
<figures/Pig Tape Measure.png, id=562, 511.9125pt x 202.95825pt>
File: figures/Pig Tape Measure.png Graphic file (type png)
<use figures/Pig Tape Measure.png>
Package pdftex.def Info: figures/Pig Tape Measure.png  used on input line 56.
(pdftex.def)             Requested size: 362.28874pt x 143.63657pt.


[24 <./figures/Pig Tape Measure.png>]

[25]

[26]

[27]

[28]

[29]
Overfull \hbox (2.66304pt too wide) in paragraph at lines 98--98
[]|\OT1/cmr/bx/n/12 Author(s),
 []


Underfull \hbox (badness 10000) in paragraph at lines 100--101
[]|\OT1/cmr/m/n/12 On-barn
 []


Underfull \hbox (badness 4084) in paragraph at lines 100--101
\OT1/cmr/m/n/12 pig weight
 []


Underfull \hbox (badness 10000) in paragraph at lines 100--101
\OT1/cmr/m/n/12 es-ti-ma-tion
 []


Underfull \hbox (badness 10000) in paragraph at lines 100--101
\OT1/cmr/m/n/12 based on
 []


Underfull \hbox (badness 1776) in paragraph at lines 100--101
\OT1/cmr/m/n/12 body mea-
 []


Underfull \hbox (badness 10000) in paragraph at lines 100--101
\OT1/cmr/m/n/12 sure-ments
 []


Underfull \hbox (badness 10000) in paragraph at lines 100--101
\OT1/cmr/m/n/12 v1 depth
 []


Underfull \hbox (badness 10000) in paragraph at lines 102--103
[]|\OT1/cmr/m/n/12 Pezzuolo,
 []


Underfull \hbox (badness 7344) in paragraph at lines 102--103
\OT1/cmr/m/n/12 A., Guar-
 []


Underfull \hbox (badness 10000) in paragraph at lines 102--103
\OT1/cmr/m/n/12 ino, M.,
 []


Underfull \hbox (badness 10000) in paragraph at lines 102--103
\OT1/cmr/m/n/12 Gonz^^Salez,
 []


Underfull \hbox (badness 10000) in paragraph at lines 102--103
\OT1/cmr/m/n/12 Marinello,
 []


Underfull \hbox (badness 10000) in paragraph at lines 104--109
[]|\OT1/cmr/m/n/12 - Kinect v1
 []


Underfull \hbox (badness 10000) in paragraph at lines 104--109
\OT1/cmr/m/n/12 weight from
 []


Underfull \hbox (badness 10000) in paragraph at lines 104--109
\OT1/cmr/m/n/12 im-ages in a
 []


Underfull \hbox (badness 10000) in paragraph at lines 104--109
\OT1/cmr/m/n/12 barn en-vi-ron-
 []


Underfull \hbox (badness 10000) in paragraph at lines 104--109
\OT1/cmr/m/n/12 - Ex-tracted
 []


Underfull \hbox (badness 3098) in paragraph at lines 104--109
\OT1/cmr/m/n/12 length, width,
 []


Underfull \hbox (badness 10000) in paragraph at lines 104--109
\OT1/cmr/m/n/12 and vol-ume
 []


Underfull \hbox (badness 10000) in paragraph at lines 104--109
\OT1/cmr/m/n/12 from depth
 []


Underfull \hbox (badness 10000) in paragraph at lines 104--109
\OT1/cmr/m/n/12 - De-vel-oped
 []


Underfull \hbox (badness 10000) in paragraph at lines 104--109
\OT1/cmr/m/n/12 a re-gres-sion
 []


Underfull \hbox (badness 10000) in paragraph at lines 104--109
\OT1/cmr/m/n/12 model for
 []


Underfull \hbox (badness 1675) in paragraph at lines 104--109
\OT1/cmr/m/n/12 weight es-ti-ma-
 []


Underfull \hbox (badness 10000) in paragraph at lines 110--111
[]|\OT1/cmr/m/n/12 Both lin-ear
 []


Underfull \hbox (badness 10000) in paragraph at lines 110--111
\OT1/cmr/m/n/12 and second-
 []


Underfull \hbox (badness 10000) in paragraph at lines 110--111
\OT1/cmr/m/n/12 degree re-gres-
 []


Underfull \hbox (badness 10000) in paragraph at lines 110--111
\OT1/cmr/m/n/12 sion mod-els
 []


Underfull \hbox (badness 4378) in paragraph at lines 110--111
\OT1/cmr/m/n/12 showed strong
 []


Underfull \hbox (badness 10000) in paragraph at lines 110--111
\OT1/cmr/m/n/12 cor-re-la-tions
 []


Underfull \hbox (badness 5302) in paragraph at lines 110--111
\OT1/cmr/m/n/12 with ref-er-ence
 []


Underfull \hbox (badness 10000) in paragraph at lines 110--111
\OT1/cmr/m/n/12 weights, with
 []


Underfull \hbox (badness 10000) in paragraph at lines 110--111
\OT1/cmr/m/n/12 co-ef-fi-cients
 []


Underfull \hbox (badness 10000) in paragraph at lines 110--111
\OT1/cmr/m/n/12 of de-ter-mi-
 []


Underfull \hbox (badness 10000) in paragraph at lines 110--111
\OT1/cmr/m/n/12 na-tion above
 []


Underfull \hbox (badness 10000) in paragraph at lines 110--111
\OT1/cmr/m/n/12 linear model
 []


Underfull \hbox (badness 10000) in paragraph at lines 110--111
\OT1/cmr/m/n/12 re-duced the
 []


Underfull \hbox (badness 2418) in paragraph at lines 110--111
\OT1/cmr/m/n/12 stan-dard er-ror
 []


Underfull \hbox (badness 10000) in paragraph at lines 110--111
\OT1/cmr/m/n/12 second-degree
 []


Underfull \hbox (badness 10000) in paragraph at lines 110--111
\OT1/cmr/m/n/12 re-gres-sion
 []


Underfull \hbox (badness 1342) in paragraph at lines 110--111
\OT1/cmr/m/n/12 model had an
 []


Underfull \hbox (badness 7540) in paragraph at lines 110--111
\OT1/cmr/m/n/12 ab-so-lute er-ror
 []


Underfull \hbox (badness 10000) in paragraph at lines 112--114
[]|\OT1/cmr/m/n/12 The cur-
 []


Underfull \hbox (badness 3965) in paragraph at lines 112--114
\OT1/cmr/m/n/12 rent study
 []


Underfull \hbox (badness 10000) in paragraph at lines 112--114
\OT1/cmr/m/n/12 is closely
 []


Underfull \hbox (badness 10000) in paragraph at lines 112--114
\OT1/cmr/m/n/12 cor-re-lated
 []


Underfull \hbox (badness 10000) in paragraph at lines 112--114
\OT1/cmr/m/n/12 with this
 []


Underfull \hbox (badness 10000) in paragraph at lines 112--114
\OT1/cmr/m/n/12 study, es-
 []


Underfull \hbox (badness 4084) in paragraph at lines 112--114
\OT1/cmr/m/n/12 pe-cially in
 []


Underfull \hbox (badness 10000) in paragraph at lines 112--114
\OT1/cmr/m/n/12 terms of
 []


Underfull \hbox (badness 2142) in paragraph at lines 112--114
\OT1/cmr/m/n/12 the Kinect
 []


Underfull \hbox (badness 10000) in paragraph at lines 112--114
\OT1/cmr/m/n/12 how-ever,
 []


Underfull \hbox (badness 10000) in paragraph at lines 112--114
\OT1/cmr/m/n/12 uses 3D
 []


Underfull \hbox (badness 4569) in paragraph at lines 112--114
\OT1/cmr/m/n/12 im-ages for
 []


Underfull \hbox (badness 10000) in paragraph at lines 112--114
\OT1/cmr/m/n/12 the cal-cu-
 []


Underfull \hbox (badness 10000) in paragraph at lines 112--114
\OT1/cmr/m/n/12 la-tion of
 []


Underfull \hbox (badness 10000) in paragraph at lines 112--114
\OT1/cmr/m/n/12 es-ti-mated
 []


Underfull \hbox (badness 10000) in paragraph at lines 115--116
\OT1/cmr/m/n/12 Es-ti-ma-tion
 []


Underfull \hbox (badness 10000) in paragraph at lines 115--116
\OT1/cmr/m/n/12 Ac-cord-ing
 []


Underfull \hbox (badness 10000) in paragraph at lines 115--116
\OT1/cmr/m/n/12 to RGB
 []


Underfull \hbox (badness 10000) in paragraph at lines 115--116
\OT1/cmr/m/n/12 Im-age
 []


Underfull \hbox (badness 10000) in paragraph at lines 117--118
[]|\OT1/cmr/m/n/12 Andras
 []


Overfull \hbox (0.82211pt too wide) in paragraph at lines 117--118
\OT1/cmr/m/n/12 K^^Sarpinszky,
 []


Underfull \hbox (badness 10000) in paragraph at lines 117--118
\OT1/cmr/m/n/12 Gergely
 []


Underfull \hbox (badness 10000) in paragraph at lines 117--118
\OT1/cmr/m/n/12 Dob-sin-
 []


Underfull \hbox (badness 4391) in paragraph at lines 119--125
[]|\OT1/cmr/m/n/12 - RGB Cam-
 []


Underfull \hbox (badness 10000) in paragraph at lines 119--125
\OT1/cmr/m/n/12 eras (Dahua
 []


Underfull \hbox (badness 2772) in paragraph at lines 119--125
\OT1/cmr/m/n/12 - RGB im-age
 []


Underfull \hbox (badness 10000) in paragraph at lines 119--125
\OT1/cmr/m/n/12 for seg-men-ta-
 []


Underfull \hbox (badness 1728) in paragraph at lines 119--125
\OT1/cmr/m/n/12 - Pretty Con-
 []


Underfull \hbox (badness 10000) in paragraph at lines 119--125
\OT1/cmr/m/n/12 tour Picker
 []


Underfull \hbox (badness 1817) in paragraph at lines 119--125
\OT1/cmr/m/n/12 (PCP) for fil-
 []


Underfull \hbox (badness 1616) in paragraph at lines 119--125
\OT1/cmr/m/n/12 - Weight es-ti-
 []


Underfull \hbox (badness 10000) in paragraph at lines 119--125
\OT1/cmr/m/n/12 ma-tion us-ing
 []


Underfull \hbox (badness 10000) in paragraph at lines 119--125
\OT1/cmr/m/n/12 Multi-Layer
 []


Underfull \hbox (badness 10000) in paragraph at lines 119--125
\OT1/cmr/m/n/12 Per-cep-tron
 []


Underfull \hbox (badness 10000) in paragraph at lines 126--127
[]|\OT1/cmr/m/n/12 The sys-tem
 []


Underfull \hbox (badness 4013) in paragraph at lines 126--127
\OT1/cmr/m/n/12 achieved more
 []


Underfull \hbox (badness 6608) in paragraph at lines 126--127
\OT1/cmr/m/n/12 than 97 per-
 []


Underfull \hbox (badness 10000) in paragraph at lines 126--127
\OT1/cmr/m/n/12 cent ac-cu-racy
 []


Underfull \hbox (badness 10000) in paragraph at lines 126--127
\OT1/cmr/m/n/12 in pre-dict-ing
 []


Underfull \hbox (badness 10000) in paragraph at lines 126--127
\OT1/cmr/m/n/12 pig weights
 []


Underfull \hbox (badness 10000) in paragraph at lines 126--127
\OT1/cmr/m/n/12 com-pared to
 []


Underfull \hbox (badness 10000) in paragraph at lines 126--127
\OT1/cmr/m/n/12 man-u-ally
 []


Underfull \hbox (badness 10000) in paragraph at lines 126--127
\OT1/cmr/m/n/12 recorded
 []


Underfull \hbox (badness 10000) in paragraph at lines 126--127
\OT1/cmr/m/n/12 weights.
 []


Underfull \hbox (badness 10000) in paragraph at lines 126--127
\OT1/cmr/m/n/12 Among the
 []


Underfull \hbox (badness 2772) in paragraph at lines 126--127
\OT1/cmr/m/n/12 mod-els tested,
 []


Underfull \hbox (badness 10000) in paragraph at lines 126--127
\OT1/cmr/m/n/12 Model V2
 []


Underfull \hbox (badness 2735) in paragraph at lines 126--127
\OT1/cmr/m/n/12 was the most
 []


Underfull \hbox (badness 10000) in paragraph at lines 126--127
\OT1/cmr/m/n/12 con-sis-tent,
 []


Underfull \hbox (badness 1742) in paragraph at lines 126--127
\OT1/cmr/m/n/12 pro-vid-ing high
 []


Underfull \hbox (badness 1152) in paragraph at lines 126--127
\OT1/cmr/m/n/12 vary-ing weight
 []


Underfull \hbox (badness 2903) in paragraph at lines 126--127
\OT1/cmr/m/n/12 ranges. The
 []


Underfull \hbox (badness 10000) in paragraph at lines 126--127
\OT1/cmr/m/n/12 RGB image-
 []


Underfull \hbox (badness 6691) in paragraph at lines 126--127
\OT1/cmr/m/n/12 based method
 []


Underfull \hbox (badness 10000) in paragraph at lines 126--127
\OT1/cmr/m/n/12 al-lows faster
 []


Underfull \hbox (badness 10000) in paragraph at lines 126--127
\OT1/cmr/m/n/12 and stress-
 []


Underfull \hbox (badness 10000) in paragraph at lines 126--127
\OT1/cmr/m/n/12 free weight
 []


Underfull \hbox (badness 10000) in paragraph at lines 126--127
\OT1/cmr/m/n/12 mea-sure-
 []


Underfull \hbox (badness 10000) in paragraph at lines 126--127
\OT1/cmr/m/n/12 ment, which
 []


Underfull \hbox (badness 10000) in paragraph at lines 126--127
\OT1/cmr/m/n/12 is valu-able
 []


Underfull \hbox (badness 10000) in paragraph at lines 126--127
\OT1/cmr/m/n/12 for decision-
 []


Underfull \hbox (badness 1082) in paragraph at lines 126--127
\OT1/cmr/m/n/12 making in pig
 []


Underfull \hbox (badness 10000) in paragraph at lines 128--130
[]|\OT1/cmr/m/n/12 Although
 []


Underfull \hbox (badness 10000) in paragraph at lines 128--130
\OT1/cmr/m/n/12 a Kinect
 []


Underfull \hbox (badness 10000) in paragraph at lines 128--130
\OT1/cmr/m/n/12 cam-era
 []


Underfull \hbox (badness 10000) in paragraph at lines 128--130
\OT1/cmr/m/n/12 wasn't
 []


Underfull \hbox (badness 4391) in paragraph at lines 128--130
\OT1/cmr/m/n/12 study, the
 []


Underfull \hbox (badness 10000) in paragraph at lines 128--130
\OT1/cmr/m/n/12 setup for
 []


Underfull \hbox (badness 10000) in paragraph at lines 128--130
\OT1/cmr/m/n/12 si-tion and
 []


Underfull \hbox (badness 10000) in paragraph at lines 128--130
\OT1/cmr/m/n/12 pro-cess-ing
 []


Underfull \hbox (badness 10000) in paragraph at lines 128--130
\OT1/cmr/m/n/12 is sim-i-lar.
 []


Underfull \hbox (badness 10000) in paragraph at lines 128--130
\OT1/cmr/m/n/12 Top-view
 []


Underfull \hbox (badness 10000) in paragraph at lines 128--130
\OT1/cmr/m/n/12 pho-tos of
 []


Underfull \hbox (badness 10000) in paragraph at lines 128--130
\OT1/cmr/m/n/12 pigs were
 []


Underfull \hbox (badness 2818) in paragraph at lines 128--130
\OT1/cmr/m/n/12 this study,
 []


Underfull \hbox (badness 10000) in paragraph at lines 128--130
\OT1/cmr/m/n/12 closely
 []


Underfull \hbox (badness 3009) in paragraph at lines 128--130
\OT1/cmr/m/n/12 re-lat-ing to
 []


Underfull \hbox (badness 10000) in paragraph at lines 128--130
\OT1/cmr/m/n/12 how the
 []


Underfull \hbox (badness 10000) in paragraph at lines 128--130
\OT1/cmr/m/n/12 cur-rent
 []


Underfull \hbox (badness 10000) in paragraph at lines 131--132
[]|\OT1/cmr/m/n/12 Estimating
 []


Underfull \hbox (badness 10000) in paragraph at lines 131--132
\OT1/cmr/m/n/12 Pig
 []


Underfull \hbox (badness 10000) in paragraph at lines 131--132
\OT1/cmr/m/n/12 Weights
 []


Underfull \hbox (badness 10000) in paragraph at lines 131--132
\OT1/cmr/m/n/12 from
 []


Underfull \hbox (badness 10000) in paragraph at lines 131--132
\OT1/cmr/m/n/12 Im-ages
 []


Underfull \hbox (badness 10000) in paragraph at lines 131--132
\OT1/cmr/m/n/12 with-out
 []


Underfull \hbox (badness 10000) in paragraph at lines 131--132
\OT1/cmr/m/n/12 Con-straint
 []


Underfull \hbox (badness 1009) in paragraph at lines 131--132
\OT1/cmr/m/n/12 on Pos-ture
 []


Underfull \hbox (badness 10000) in paragraph at lines 133--134
[]|\OT1/cmr/m/n/12 Kyungkoo
 []


Underfull \hbox (badness 10000) in paragraph at lines 133--134
\OT1/cmr/m/n/12 Jun, Si
 []


Underfull \hbox (badness 1960) in paragraph at lines 133--134
\OT1/cmr/m/n/12 Jung Kim,
 []


Underfull \hbox (badness 10000) in paragraph at lines 133--134
\OT1/cmr/m/n/12 Hyun
 []


Underfull \hbox (badness 10000) in paragraph at lines 133--134
\OT1/cmr/m/n/12 Wook Ji
 []


Underfull \hbox (badness 10000) in paragraph at lines 135--140
[]|\OT1/cmr/m/n/12 - 2D Im-age
 []


Underfull \hbox (badness 7047) in paragraph at lines 135--140
\OT1/cmr/m/n/12 - No re-laxed
 []


Underfull \hbox (badness 10000) in paragraph at lines 135--140
\OT1/cmr/m/n/12 pos-ture and
 []


Underfull \hbox (badness 10000) in paragraph at lines 135--140
\OT1/cmr/m/n/12 il-lu-mi-na-tion
 []


Underfull \hbox (badness 6625) in paragraph at lines 135--140
\OT1/cmr/m/n/12 - Im-age pro-
 []


Underfull \hbox (badness 10000) in paragraph at lines 135--140
\OT1/cmr/m/n/12 cess-ing: bi-
 []


Underfull \hbox (badness 10000) in paragraph at lines 135--140
\OT1/cmr/m/n/12 na-riza-tion,
 []


Underfull \hbox (badness 10000) in paragraph at lines 135--140
\OT1/cmr/m/n/12 mor-pho-log-i-cal
 []


Underfull \hbox (badness 10000) in paragraph at lines 135--140
\OT1/cmr/m/n/12 ops, con-tour
 []


Underfull \hbox (badness 3861) in paragraph at lines 135--140
\OT1/cmr/m/n/12 - Neu-ral net-
 []


Underfull \hbox (badness 10000) in paragraph at lines 135--140
\OT1/cmr/m/n/12 work model
 []


Underfull \hbox (badness 10000) in paragraph at lines 135--140
\OT1/cmr/m/n/12 trained and
 []


Underfull \hbox (badness 10000) in paragraph at lines 135--140
\OT1/cmr/m/n/12 tested for
 []


Underfull \hbox (badness 4634) in paragraph at lines 135--140
\OT1/cmr/m/n/12 weight pre-dic-
 []


Underfull \hbox (badness 10000) in paragraph at lines 141--142
[]|\OT1/cmr/m/n/12 The study
 []


Underfull \hbox (badness 10000) in paragraph at lines 141--142
\OT1/cmr/m/n/12 achieved an
 []


Underfull \hbox (badness 10000) in paragraph at lines 141--142
\OT1/cmr/m/n/12 av-er-age es-ti-
 []


Underfull \hbox (badness 10000) in paragraph at lines 141--142
\OT1/cmr/m/n/12 ma-tion er-ror
 []


Underfull \hbox (badness 10000) in paragraph at lines 141--142
\OT1/cmr/m/n/12 de-ter-mi-na-tion
 []


Underfull \hbox (badness 1275) in paragraph at lines 141--142
\OT1/cmr/m/n/12 (R\TS1/cmr/m/n/12 ²\OT1/cmr/m/n/12 ) of 0.792.
 []


Underfull \hbox (badness 10000) in paragraph at lines 141--142
\OT1/cmr/m/n/12 the method
 []


Underfull \hbox (badness 10000) in paragraph at lines 141--142
\OT1/cmr/m/n/12 was able to
 []


Underfull \hbox (badness 10000) in paragraph at lines 141--142
\OT1/cmr/m/n/12 es-ti-mate pig
 []


Underfull \hbox (badness 10000) in paragraph at lines 141--142
\OT1/cmr/m/n/12 weights with-
 []


Underfull \hbox (badness 10000) in paragraph at lines 141--142
\OT1/cmr/m/n/12 the en-vi-ron-
 []


Underfull \hbox (badness 10000) in paragraph at lines 141--142
\OT1/cmr/m/n/12 or light-ing,
 []


Underfull \hbox (badness 1648) in paragraph at lines 141--142
\OT1/cmr/m/n/12 mak-ing it ap-
 []


Underfull \hbox (badness 10000) in paragraph at lines 141--142
\OT1/cmr/m/n/12 con-strained
 []


Underfull \hbox (badness 6691) in paragraph at lines 141--142
\OT1/cmr/m/n/12 model showed
 []


Underfull \hbox (badness 10000) in paragraph at lines 141--142
\OT1/cmr/m/n/12 that posture-
 []


Underfull \hbox (badness 10000) in paragraph at lines 141--142
\OT1/cmr/m/n/12 con-tributed
 []


Underfull \hbox (badness 4634) in paragraph at lines 141--142
\OT1/cmr/m/n/12 weight pre-dic-
 []


Underfull \hbox (badness 4569) in paragraph at lines 143--145
[]|\OT1/cmr/m/n/12 The study
 []


Underfull \hbox (badness 10000) in paragraph at lines 143--145
\OT1/cmr/m/n/12 uti-lized a
 []


Underfull \hbox (badness 10000) in paragraph at lines 143--145
\OT1/cmr/m/n/12 mean-while
 []


Underfull \hbox (badness 10000) in paragraph at lines 143--145
\OT1/cmr/m/n/12 study will
 []


Underfull \hbox (badness 10000) in paragraph at lines 143--145
\OT1/cmr/m/n/12 uti-lize a
 []


Underfull \hbox (badness 10000) in paragraph at lines 143--145
\OT1/cmr/m/n/12 Kinect v1
 []


Underfull \hbox (badness 10000) in paragraph at lines 143--145
\OT1/cmr/m/n/12 cam-era.
 []


Underfull \hbox (badness 10000) in paragraph at lines 143--145
\OT1/cmr/m/n/12 dif-fer-ence,
 []


Underfull \hbox (badness 2460) in paragraph at lines 143--145
\OT1/cmr/m/n/12 both stud-
 []


Underfull \hbox (badness 10000) in paragraph at lines 143--145
\OT1/cmr/m/n/12 ies have
 []


Underfull \hbox (badness 10000) in paragraph at lines 143--145
\OT1/cmr/m/n/12 sim-i-lar
 []


Underfull \hbox (badness 10000) in paragraph at lines 143--145
\OT1/cmr/m/n/12 top-down
 []


Underfull \hbox (badness 6125) in paragraph at lines 143--145
\OT1/cmr/m/n/12 view cam-
 []


Underfull \hbox (badness 1342) in paragraph at lines 143--145
\OT1/cmr/m/n/12 era se-tups.
 []


Underfull \hbox (badness 10000) in paragraph at lines 143--145
\OT1/cmr/m/n/12 es-ti-mat-ing
 []


Underfull \hbox (badness 10000) in paragraph at lines 143--145
\OT1/cmr/m/n/12 with-out
 []


Underfull \hbox (badness 10000) in paragraph at lines 143--145
\OT1/cmr/m/n/12 con-straints
 []


Underfull \hbox (badness 1708) in paragraph at lines 143--145
\OT1/cmr/m/n/12 on pos-ture
 []


Underfull \hbox (badness 2142) in paragraph at lines 143--145
\OT1/cmr/m/n/12 na-tion can
 []


Underfull \hbox (badness 10000) in paragraph at lines 143--145
\OT1/cmr/m/n/12 in-spi-ra-tion
 []


Underfull \hbox (badness 10000) in paragraph at lines 143--145
\OT1/cmr/m/n/12 for fu-ture
 []


Underfull \hbox (badness 10000) in paragraph at lines 143--145
\OT1/cmr/m/n/12 der-tak-ings
 []


Underfull \hbox (badness 10000) in paragraph at lines 143--145
\OT1/cmr/m/n/12 with the
 []


Underfull \hbox (badness 10000) in paragraph at lines 143--145
\OT1/cmr/m/n/12 Kinect v1
 []


Underfull \hbox (badness 10000) in paragraph at lines 146--147
[]|\OT1/cmr/m/n/12 Carcass
 []


Underfull \hbox (badness 10000) in paragraph at lines 146--147
\OT1/cmr/m/n/12 Qual-ity
 []


Underfull \hbox (badness 10000) in paragraph at lines 146--147
\OT1/cmr/m/n/12 Traits of
 []


Underfull \hbox (badness 10000) in paragraph at lines 146--147
\OT1/cmr/m/n/12 Fat-ten-ing
 []


Underfull \hbox (badness 10000) in paragraph at lines 146--147
\OT1/cmr/m/n/12 Pigs Es-
 []


Underfull \hbox (badness 10000) in paragraph at lines 146--147
\OT1/cmr/m/n/12 ti-mated
 []


Underfull \hbox (badness 10000) in paragraph at lines 146--147
\OT1/cmr/m/n/12 Us-ing 3D
 []


Underfull \hbox (badness 10000) in paragraph at lines 146--147
\OT1/cmr/m/n/12 Im-age
 []


Underfull \hbox (badness 10000) in paragraph at lines 148--149
[]|\OT1/cmr/m/n/12 A. Pe~na
 []


Underfull \hbox (badness 10000) in paragraph at lines 148--149
\OT1/cmr/m/n/12 Fern^^Sandez,
 []


Underfull \hbox (badness 10000) in paragraph at lines 148--149
\OT1/cmr/m/n/12 T. Nor-
 []


Underfull \hbox (badness 10000) in paragraph at lines 148--149
\OT1/cmr/m/n/12 ton, E.
 []


Underfull \hbox (badness 10000) in paragraph at lines 148--149
\OT1/cmr/m/n/12 Vranken,
 []


Underfull \hbox (badness 10000) in paragraph at lines 148--149
\OT1/cmr/m/n/12 D. Berck-
 []


Underfull \hbox (badness 10000) in paragraph at lines 148--149
\OT1/cmr/m/n/12 mans
 []


Underfull \hbox (badness 10000) in paragraph at lines 150--154
[]|\OT1/cmr/m/n/12 - Kinect 3D
 []


Underfull \hbox (badness 10000) in paragraph at lines 150--154
\OT1/cmr/m/n/12 - Cap-ture
 []


Underfull \hbox (badness 10000) in paragraph at lines 150--154
\OT1/cmr/m/n/12 3D top-view
 []


Underfull \hbox (badness 10000) in paragraph at lines 150--154
\OT1/cmr/m/n/12 im-ages pre-
 []


Underfull \hbox (badness 2707) in paragraph at lines 150--154
\OT1/cmr/m/n/12 - Ex-tract im-
 []


Underfull \hbox (badness 10000) in paragraph at lines 150--154
\OT1/cmr/m/n/12 age fea-tures:
 []


Underfull \hbox (badness 1661) in paragraph at lines 150--154
\OT1/cmr/m/n/12 lengths, ar-eas,
 []


Underfull \hbox (badness 10000) in paragraph at lines 150--154
\OT1/cmr/m/n/12 step-wise lin-
 []


Underfull \hbox (badness 10000) in paragraph at lines 150--154
\OT1/cmr/m/n/12 ear re-gres-sion
 []


Underfull \hbox (badness 10000) in paragraph at lines 155--156
[]|\OT1/cmr/m/n/12 The re-gres-
 []


Underfull \hbox (badness 10000) in paragraph at lines 155--156
\OT1/cmr/m/n/12 sion mod-els
 []


Underfull \hbox (badness 10000) in paragraph at lines 155--156
\OT1/cmr/m/n/12 achieved an
 []


Underfull \hbox (badness 10000) in paragraph at lines 155--156
\OT1/cmr/m/n/12 ad-justed R\TS1/cmr/m/n/12 ²
 []


Underfull \hbox (badness 10000) in paragraph at lines 155--156
\OT1/cmr/m/n/12 rang-ing from
 []


Underfull \hbox (badness 10000) in paragraph at lines 155--156
\OT1/cmr/m/n/12 70-85 per-
 []


Underfull \hbox (badness 10000) in paragraph at lines 155--156
\OT1/cmr/m/n/12 cent dur-ing
 []


Underfull \hbox (badness 10000) in paragraph at lines 155--156
\OT1/cmr/m/n/12 train-ing, but
 []


Underfull \hbox (badness 10000) in paragraph at lines 155--156
\OT1/cmr/m/n/12 per-for-mance
 []


Underfull \hbox (badness 10000) in paragraph at lines 155--156
\OT1/cmr/m/n/12 de-creased to
 []


Underfull \hbox (badness 10000) in paragraph at lines 155--156
\OT1/cmr/m/n/12 50-60 per-cent
 []


Underfull \hbox (badness 6842) in paragraph at lines 155--156
\OT1/cmr/m/n/12 dur-ing val-i-da-
 []


Underfull \hbox (badness 10000) in paragraph at lines 155--156
\OT1/cmr/m/n/12 cor-re-la-tions
 []


Underfull \hbox (badness 2865) in paragraph at lines 155--156
\OT1/cmr/m/n/12 with slaugh-ter
 []


Underfull \hbox (badness 10000) in paragraph at lines 155--156
\OT1/cmr/m/n/12 fi-nal weight
 []


Underfull \hbox (badness 10000) in paragraph at lines 155--156
\OT1/cmr/m/n/12 found us-ing
 []


Underfull \hbox (badness 10000) in paragraph at lines 155--156
\OT1/cmr/m/n/12 the me-dian
 []


Underfull \hbox (badness 10000) in paragraph at lines 155--156
\OT1/cmr/m/n/12 fea-tures from
 []


Underfull \hbox (badness 3009) in paragraph at lines 155--156
\OT1/cmr/m/n/12 the last week
 []


Overfull \hbox (1.15266pt too wide) in paragraph at lines 157--159
[]|\OT1/cmr/m/n/12 Considering
 []


Underfull \hbox (badness 10000) in paragraph at lines 157--159
\OT1/cmr/m/n/12 only the
 []


Underfull \hbox (badness 10000) in paragraph at lines 157--159
\OT1/cmr/m/n/12 sec-tions
 []


Underfull \hbox (badness 1460) in paragraph at lines 157--159
\OT1/cmr/m/n/12 rel-e-vant to
 []


Underfull \hbox (badness 4084) in paragraph at lines 157--159
\OT1/cmr/m/n/12 pig weight
 []


Underfull \hbox (badness 10000) in paragraph at lines 157--159
\OT1/cmr/m/n/12 es-ti-ma-tion,
 []


Underfull \hbox (badness 10000) in paragraph at lines 157--159
\OT1/cmr/m/n/12 the study
 []


Underfull \hbox (badness 10000) in paragraph at lines 157--159
\OT1/cmr/m/n/12 as a ref-
 []


Underfull \hbox (badness 10000) in paragraph at lines 157--159
\OT1/cmr/m/n/12 er-ence for
 []


Underfull \hbox (badness 10000) in paragraph at lines 157--159
\OT1/cmr/m/n/12 meth-ods
 []


Underfull \hbox (badness 3009) in paragraph at lines 157--159
\OT1/cmr/m/n/12 for fea-ture
 []


Underfull \hbox (badness 10000) in paragraph at lines 157--159
\OT1/cmr/m/n/12 ex-trac-tion
 []


Underfull \hbox (badness 10000) in paragraph at lines 157--159
\OT1/cmr/m/n/12 and pig
 []


Underfull \hbox (badness 10000) in paragraph at lines 157--159
\OT1/cmr/m/n/12 anal-y-sis
 []


Underfull \hbox (badness 4739) in paragraph at lines 157--159
\OT1/cmr/m/n/12 as one of
 []


Underfull \hbox (badness 10000) in paragraph at lines 157--159
\OT1/cmr/m/n/12 the bases
 []


Underfull \hbox (badness 10000) in paragraph at lines 157--159
\OT1/cmr/m/n/12 for the
 []


Underfull \hbox (badness 10000) in paragraph at lines 157--159
\OT1/cmr/m/n/12 meth-ods
 []


Underfull \hbox (badness 10000) in paragraph at lines 157--159
\OT1/cmr/m/n/12 that will
 []


Overfull \hbox (2.76747pt too wide) in alignment at lines 94--160
 [] [] [] [] [] 
 []

[30] [31] [32]

[33]
Overfull \hbox (1.6916pt too wide) in paragraph at lines 164--165
\OT1/cmr/m/n/12 cam-eras com-bined with seg-men-ta-tion (Mask R-CNN) and MLP mo
d-els, achiev-
 []



[34])

[35]
\openout2 = `chapter3.aux'.

 (chapter3.tex
Chapter 3.
<figures/Architectureofniggas.png, id=667, 1455.18657pt x 1409.265pt>
File: figures/Architectureofniggas.png Graphic file (type png)
<use figures/Architectureofniggas.png>
Package pdftex.def Info: figures/Architectureofniggas.png  used on input line 1
1.
(pdftex.def)             Requested size: 296.62766pt x 287.27313pt.


[36




 <./figures/Architectureofniggas.png>]
<figures/Requirement Analysis (4).png, id=673, 1268.48906pt x 526.96875pt>
File: figures/Requirement Analysis (4).png Graphic file (type png)
<use figures/Requirement Analysis (4).png>
Package pdftex.def Info: figures/Requirement Analysis (4).png  used on input li
ne 21.
(pdftex.def)             Requested size: 414.90578pt x 172.36563pt.

Overfull \hbox (17.42076pt too wide) in paragraph at lines 21--22
 [][] 
 []



[37 <./figures/Requirement Analysis (4).png>]

[38]
<figures/Thesis Flowchart.png, id=684, 183.68625pt x 603.25375pt>
File: figures/Thesis Flowchart.png Graphic file (type png)
<use figures/Thesis Flowchart.png>
Package pdftex.def Info: figures/Thesis Flowchart.png  used on input line 31.
(pdftex.def)             Requested size: 104.9657pt x 344.73126pt.


[39 <./figures/Thesis Flowchart.png>]
<figures/Untitled-1wqw.png, id=690, 4890.27pt x 3195.94pt>
File: figures/Untitled-1wqw.png Graphic file (type png)
<use figures/Untitled-1wqw.png>
Package pdftex.def Info: figures/Untitled-1wqw.png  used on input line 41.
(pdftex.def)             Requested size: 351.60669pt x 229.815pt.


[40 <./figures/Untitled-1wqw.png>]

[41]

[42]

[43]
Overfull \hbox (3.07407pt too wide) in paragraph at lines 65--66
[]\OT1/cmr/m/n/12 This study em-ploys the Seg-men-ta-tion Any-thing Model (SAM)
 to achieve
 []



[44]

[45]

[46]

[47]
<figures/Untitled-1 (1).png, id=727, 4020.01875pt x 3089.5425pt>
File: figures/Untitled-1 (1).png Graphic file (type png)
<use figures/Untitled-1 (1).png>
Package pdftex.def Info: figures/Untitled-1 (1).png  used on input line 133.
(pdftex.def)             Requested size: 298.97343pt x 229.815pt.


[48 <./figures/Untitled-1 (1).png>]

[49]

[50]

[51]

[52]

[53]

[54]

[55]

[56]

[57]
Overfull \hbox (1.52159pt too wide) in paragraph at lines 275--277
[]| \OT1/cmr/bx/n/12 Body Height: \OT1/cmr/m/n/12 The ver-ti-cal mea-sure-ment 
of the pig from the ground. 
 []



[58])

[59]

[60]
\openout2 = `bibliography.aux'.

 (bibliography.tex (thesis.bbl

[61




]

[62]

[63]))

[64]

Package natbib Warning: There were undefined citations.

(thesis.aux (chapter1.aux) (chapter2.aux) (chapter3.aux) (bibliography.aux))
 ***********
LaTeX2e <2024-11-01>
L3 programming layer <2020/03/25>
 ***********
Package rerunfilecheck Info: File `thesis.out' has not changed.
(rerunfilecheck)             Checksum: 69E5BF54F40D5386A5178FF1A4369D57;9298.
 )
(\end occurred inside a group at level 1)

### simple group (level 1) entered at line 2 ({)
### bottom level 
Here is how much of TeX's memory you used:
 15134 strings out of 473682
 243080 string characters out of 5719215
 664806 words of memory out of 5000000
 37756 multiletter control sequences out of 15000+600000
 566036 words of font info for 69 fonts, out of 8000000 for 9000
 1141 hyphenation exceptions out of 8191
 80i,10n,82p,2390b,730s stack positions out of 10000i,1000n,20000p,200000b,200000s
 <C:\Users\Brian\AppData\Local\MiKTeX\fonts/pk/ljfour/jknappen/
ec/dpi600\tcbx1200.pk> <C:\Users\Brian\AppData\Local\MiKTeX\fonts/pk/ljfour/jkn
appen/ec/dpi600\tcrm1200.pk><C:/Users/Brian/AppData/Local/Programs/MiKTeX/fonts
/type1/public/amsfonts/cm/cmbx12.pfb><C:/Users/Brian/AppData/Local/Programs/MiK
TeX/fonts/type1/public/amsfonts/cm/cmex10.pfb><C:/Users/Brian/AppData/Local/Pro
grams/MiKTeX/fonts/type1/public/amsfonts/cm/cmmi12.pfb><C:/Users/Brian/AppData/
Local/Programs/MiKTeX/fonts/type1/public/amsfonts/cm/cmmi8.pfb><C:/Users/Brian/
AppData/Local/Programs/MiKTeX/fonts/type1/public/amsfonts/cm/cmr12.pfb><C:/User
s/Brian/AppData/Local/Programs/MiKTeX/fonts/type1/public/amsfonts/cm/cmr8.pfb><
C:/Users/Brian/AppData/Local/Programs/MiKTeX/fonts/type1/public/amsfonts/cm/cms
y10.pfb><C:/Users/Brian/AppData/Local/Programs/MiKTeX/fonts/type1/public/amsfon
ts/cm/cmsy8.pfb><C:/Users/Brian/AppData/Local/Programs/MiKTeX/fonts/type1/publi
c/amsfonts/cm/cmti12.pfb><C:/Users/Brian/AppData/Local/Programs/MiKTeX/fonts/ty
pe1/public/amsfonts/cm/cmtt12.pfb>
Output written on thesis.pdf (70 pages, 1585725 bytes).
PDF statistics:
 900 PDF objects out of 1000 (max. 8388607)
 189 named destinations out of 1000 (max. 500000)
 471 words of extra memory for PDF output out of 10000 (max. 10000000)

