\BOOKMARK [0][-]{chapter*.1}{\376\377\000T\000I\000T\000L\000E\000\040\000P\000A\000G\000E}{}% 1
\BOOKMARK [0][-]{chapter*.1}{\376\377\000T\000A\000B\000L\000E\000\040\000O\000F\000\040\000C\000O\000N\000T\000E\000N\000T\000S}{}% 2
\BOOKMARK [0][-]{chapter*.2}{\376\377\000L\000I\000S\000T\000\040\000O\000F\000\040\000T\000A\000B\000L\000E\000S}{}% 3
\BOOKMARK [0][-]{chapter*.3}{\376\377\000L\000I\000S\000T\000\040\000O\000F\000\040\000F\000I\000G\000U\000R\000E\000S}{}% 4
\BOOKMARK [0][-]{chapter.1}{\376\377\000I\000N\000T\000R\000O\000D\000U\000C\000T\000I\000O\000N}{}% 5
\BOOKMARK [1][-]{section.1.1}{\376\377\000B\000a\000c\000k\000g\000r\000o\000u\000n\000d\000\040\000o\000f\000\040\000t\000h\000e\000\040\000S\000t\000u\000d\000y}{chapter.1}% 6
\BOOKMARK [1][-]{section.1.2}{\376\377\000S\000t\000a\000t\000e\000m\000e\000n\000t\000\040\000o\000f\000\040\000t\000h\000e\000\040\000P\000r\000o\000b\000l\000e\000m}{chapter.1}% 7
\BOOKMARK [1][-]{section.1.3}{\376\377\000O\000b\000j\000e\000c\000t\000i\000v\000e\000s\000\040\000o\000f\000\040\000t\000h\000e\000\040\000S\000t\000u\000d\000y}{chapter.1}% 8
\BOOKMARK [1][-]{section.1.4}{\376\377\000S\000i\000g\000n\000i\000f\000i\000c\000a\000n\000c\000e\000\040\000o\000f\000\040\000t\000h\000e\000\040\000S\000t\000u\000d\000y}{chapter.1}% 9
\BOOKMARK [1][-]{section.1.5}{\376\377\000S\000c\000o\000p\000e\000\040\000a\000n\000d\000\040\000L\000i\000m\000i\000t\000a\000t\000i\000o\000n\000s}{chapter.1}% 10
\BOOKMARK [1][-]{section.1.6}{\376\377\000D\000e\000f\000i\000n\000i\000t\000i\000o\000n\000\040\000o\000f\000\040\000T\000e\000r\000m\000s}{chapter.1}% 11
\BOOKMARK [0][-]{chapter.2}{\376\377\000R\000E\000V\000I\000E\000W\000\040\000O\000F\000\040\000R\000E\000L\000A\000T\000E\000D\000\040\000L\000I\000T\000E\000R\000A\000T\000U\000R\000E}{}% 12
\BOOKMARK [1][-]{section.2.1}{\376\377\000W\000e\000i\000g\000h\000t\000\040\000E\000s\000t\000i\000m\000a\000t\000i\000o\000n\000\040\000T\000e\000c\000h\000n\000i\000q\000u\000e\000s}{chapter.2}% 13
\BOOKMARK [2][-]{subsection.2.1.1}{\376\377\000R\000o\000l\000e\000\040\000o\000f\000\040\000T\000e\000c\000h\000n\000o\000l\000o\000g\000y\000\040\000i\000n\000\040\000A\000g\000r\000i\000c\000u\000l\000t\000u\000r\000e}{section.2.1}% 14
\BOOKMARK [1][-]{section.2.2}{\376\377\000T\000e\000c\000h\000n\000o\000l\000o\000g\000i\000c\000a\000l\000\040\000F\000r\000a\000m\000e\000w\000o\000r\000k\000s}{chapter.2}% 15
\BOOKMARK [1][-]{section.2.3}{\376\377\000I\000m\000a\000g\000e\000\040\000P\000r\000o\000c\000e\000s\000s\000i\000n\000g\000\040\000a\000n\000d\000\040\000M\000a\000c\000h\000i\000n\000e\000\040\000L\000e\000a\000r\000n\000i\000n\000g\000\040\000f\000o\000r\000\040\000W\000e\000i\000g\000h\000t\000\040\000E\000s\000t\000i\000m\000a\000t\000i\000o\000n}{chapter.2}% 16
\BOOKMARK [2][-]{subsection.2.3.1}{\376\377\000H\000i\000s\000t\000o\000r\000i\000c\000a\000l\000\040\000D\000e\000v\000e\000l\000o\000p\000m\000e\000n\000t}{section.2.3}% 17
\BOOKMARK [2][-]{subsection.2.3.2}{\376\377\000M\000o\000d\000e\000r\000n\000\040\000T\000e\000c\000h\000n\000i\000q\000u\000e\000s}{section.2.3}% 18
\BOOKMARK [2][-]{subsection.2.3.3}{\376\377\000A\000p\000p\000l\000i\000c\000a\000t\000i\000o\000n\000s\000\040\000o\000f\000\040\000K\000i\000n\000e\000c\000t\000\040\000i\000n\000\040\000A\000g\000r\000i\000c\000u\000l\000t\000u\000r\000e}{section.2.3}% 19
\BOOKMARK [1][-]{section.2.4}{\376\377\000M\000i\000c\000r\000o\000s\000o\000f\000t\000\040\000K\000i\000n\000e\000c\000t\000\040\000V\0001}{chapter.2}% 20
\BOOKMARK [2][-]{subsection.2.4.1}{\376\377\000D\000e\000p\000t\000h\000\040\000D\000a\000t\000a\000\040\000A\000c\000q\000u\000i\000s\000i\000t\000i\000o\000n\000\040\000a\000n\000d\000\040\000P\000r\000o\000c\000e\000s\000s\000i\000n\000g}{section.2.4}% 21
\BOOKMARK [2][-]{subsection.2.4.2}{\376\377\000K\000i\000n\000e\000c\000t\000\040\000V\0001\000\040\000A\000p\000p\000l\000i\000c\000a\000t\000i\000o\000n\000s\000\040\000i\000n\000\040\000A\000g\000r\000i\000c\000u\000l\000t\000u\000r\000e}{section.2.4}% 22
\BOOKMARK [2][-]{subsection.2.4.3}{\376\377\000K\000i\000n\000e\000c\000t\000\040\000V\0001\000\040\000P\000o\000t\000e\000n\000t\000i\000a\000l\000\040\000f\000o\000r\000\040\000P\000i\000g\000\040\000W\000e\000i\000g\000h\000t\000\040\000E\000s\000t\000i\000m\000a\000t\000i\000o\000n}{section.2.4}% 23
\BOOKMARK [1][-]{section.2.5}{\376\377\000S\000y\000n\000t\000h\000e\000s\000i\000s\000\040\000M\000a\000t\000r\000i\000x}{chapter.2}% 24
\BOOKMARK [0][-]{chapter.3}{\376\377\000M\000E\000T\000H\000O\000D\000O\000L\000O\000G\000Y}{}% 25
\BOOKMARK [1][-]{section.3.1}{\376\377\000\040\000S\000y\000s\000t\000e\000m\000\040\000A\000r\000c\000h\000i\000t\000e\000c\000t\000u\000r\000e}{chapter.3}% 26
\BOOKMARK [2][-]{subsection.3.1.1}{\376\377\000\040\000W\000a\000t\000e\000r\000f\000a\000l\000l\000\040\000M\000o\000d\000e\000l}{section.3.1}% 27
\BOOKMARK [2][-]{subsection.3.1.2}{\376\377\000F\000l\000o\000w\000c\000h\000a\000r\000t}{section.3.1}% 28
\BOOKMARK [2][-]{subsection.3.1.3}{\376\377\000P\000i\000g\000p\000e\000n\000\040\000D\000i\000a\000g\000r\000a\000m}{section.3.1}% 29
\BOOKMARK [1][-]{section.3.2}{\376\377\000S\000t\000u\000d\000y\000\040\000D\000e\000s\000i\000g\000n\000\040\000a\000n\000d\000\040\000D\000a\000t\000a\000\040\000C\000o\000l\000l\000e\000c\000t\000i\000o\000n}{chapter.3}% 30
\BOOKMARK [1][-]{section.3.3}{\376\377\000O\000b\000j\000e\000c\000t\000\040\000D\000e\000t\000e\000c\000t\000i\000o\000n}{chapter.3}% 31
\BOOKMARK [1][-]{section.3.4}{\376\377\000S\000e\000g\000m\000e\000n\000t\000a\000t\000i\000o\000n\000\040\000M\000o\000d\000e\000l}{chapter.3}% 32
\BOOKMARK [2][-]{subsection.3.4.1}{\376\377\000I\000m\000a\000g\000e\000\040\000P\000r\000e\000p\000r\000o\000c\000e\000s\000s\000i\000n\000g}{section.3.4}% 33
\BOOKMARK [2][-]{subsection.3.4.2}{\376\377\000S\000l\000i\000c\000i\000n\000g\000\040\000t\000h\000e\000\040\000I\000m\000a\000g\000e}{section.3.4}% 34
\BOOKMARK [2][-]{subsection.3.4.3}{\376\377\000V\000a\000l\000l\000e\000y\000\040\000D\000e\000t\000e\000c\000t\000i\000o\000n}{section.3.4}% 35
\BOOKMARK [2][-]{subsection.3.4.4}{\376\377\000S\000e\000g\000m\000e\000n\000t\000a\000t\000i\000o\000n\000\040\000i\000n\000t\000o\000\040\000S\000e\000c\000t\000i\000o\000n\000s}{section.3.4}% 36
\BOOKMARK [1][-]{section.3.5}{\376\377\000F\000e\000a\000t\000u\000r\000e\000\040\000E\000x\000t\000r\000a\000c\000t\000i\000o\000n}{chapter.3}% 37
\BOOKMARK [2][-]{subsection.3.5.1}{\376\377\000H\000e\000i\000g\000h\000t\000\040\000E\000x\000t\000r\000a\000c\000t\000i\000o\000n}{section.3.5}% 38
\BOOKMARK [2][-]{subsection.3.5.2}{\376\377\000A\000r\000e\000a\000\040\000E\000x\000t\000r\000a\000c\000t\000i\000o\000n}{section.3.5}% 39
\BOOKMARK [2][-]{subsection.3.5.3}{\376\377\000G\000r\000a\000d\000i\000e\000n\000t\000\040\000I\000n\000f\000o\000r\000m\000a\000t\000i\000o\000n\000\040\000f\000r\000o\000m\000\040\000D\000e\000p\000t\000h\000\040\000D\000a\000t\000a}{section.3.5}% 40
\BOOKMARK [1][-]{section.3.6}{\376\377\000M\000o\000d\000e\000l\000\040\000T\000r\000a\000i\000n\000i\000n\000g}{chapter.3}% 41
\BOOKMARK [1][-]{section.3.7}{\376\377\000E\000v\000a\000l\000u\000a\000t\000i\000o\000n}{chapter.3}% 42
\BOOKMARK [2][-]{subsection.3.7.1}{\376\377\000T\000e\000s\000t\000\040\000D\000a\000t\000a\000s\000e\000t}{section.3.7}% 43
\BOOKMARK [2][-]{subsection.3.7.2}{\376\377\000P\000e\000r\000f\000o\000r\000m\000a\000n\000c\000e\000\040\000M\000e\000t\000r\000i\000c\000s}{section.3.7}% 44
\BOOKMARK [2][-]{subsection.3.7.3}{\376\377\000R\000o\000o\000t\000\040\000M\000e\000a\000n\000\040\000S\000q\000u\000a\000r\000e\000d\000\040\000E\000r\000r\000o\000r\000\040\000\050\000R\000M\000S\000E\000\051}{section.3.7}% 45
\BOOKMARK [1][-]{section.3.8}{\376\377\000T\000e\000s\000t\000i\000n\000g\000\040\000M\000e\000t\000h\000o\000d}{chapter.3}% 46
\BOOKMARK [1][-]{section.3.9}{\376\377\000L\000o\000c\000a\000t\000i\000o\000n}{chapter.3}% 47
\BOOKMARK [1][-]{section.3.10}{\376\377\000D\000a\000t\000a\000\040\000C\000o\000l\000l\000e\000c\000t\000i\000o\000n}{chapter.3}% 48
\BOOKMARK [1][-]{section.3.11}{\376\377\000E\000x\000p\000e\000r\000i\000m\000e\000n\000t\000a\000l\000\040\000S\000e\000t\000u\000p}{chapter.3}% 49
\BOOKMARK [2][-]{subsection.3.11.1}{\376\377\000E\000n\000v\000i\000r\000o\000n\000m\000e\000n\000t\000\040\000P\000r\000e\000p\000a\000r\000a\000t\000i\000o\000n}{section.3.11}% 50
\BOOKMARK [2][-]{subsection.3.11.2}{\376\377\000K\000i\000n\000e\000c\000t\000\040\000S\000e\000n\000s\000o\000r\000\040\000C\000a\000l\000i\000b\000r\000a\000t\000i\000o\000n}{section.3.11}% 51
\BOOKMARK [2][-]{subsection.3.11.3}{\376\377\000D\000a\000t\000a\000\040\000C\000o\000l\000l\000e\000c\000t\000i\000o\000n\000\040\000a\000n\000d\000\040\000P\000r\000o\000c\000e\000s\000s\000i\000n\000g}{section.3.11}% 52
\BOOKMARK [2][-]{subsection.3.11.4}{\376\377\000A\000c\000c\000u\000r\000a\000c\000y\000\040\000E\000v\000a\000l\000u\000a\000t\000i\000o\000n}{section.3.11}% 53
\BOOKMARK [2][-]{subsection.3.11.5}{\376\377\000V\000a\000l\000i\000d\000a\000t\000i\000o\000n\000\040\000P\000r\000o\000c\000e\000s\000s}{section.3.11}% 54
\BOOKMARK [0][-]{subsection.3.11.5}{\376\377\000R\000E\000F\000E\000R\000E\000N\000C\000E\000S}{}% 55
